SF:lib/controllers/objects_controller.dart
DA:8,1
DA:15,1
DA:17,1
DA:18,1
DA:21,1
DA:22,2
DA:23,2
DA:25,0
DA:26,2
DA:28,2
DA:29,2
DA:31,0
DA:32,0
DA:34,0
DA:35,0
DA:39,0
DA:41,2
DA:45,0
DA:46,0
DA:47,0
DA:50,0
DA:52,0
DA:55,0
DA:60,0
DA:62,0
DA:63,0
DA:64,0
DA:66,0
DA:70,0
DA:72,0
DA:73,0
DA:74,0
DA:75,0
DA:77,0
DA:81,0
DA:82,0
DA:84,0
DA:85,0
DA:88,0
DA:89,0
DA:92,0
DA:93,0
LF:42
LH:11
end_of_record
SF:lib/models/api_object.dart
DA:6,2
DA:8,1
DA:9,1
DA:10,2
DA:11,1
DA:12,4
DA:16,0
DA:17,0
DA:18,0
DA:19,0
DA:20,0
LF:11
LH:6
end_of_record
SF:lib/services/api_service.dart
DA:10,3
DA:12,1
DA:13,3
DA:14,2
DA:15,2
DA:16,2
DA:17,1
DA:18,4
DA:19,0
DA:20,0
DA:22,0
DA:24,0
DA:28,0
DA:29,0
DA:30,0
DA:31,0
DA:32,0
DA:33,0
DA:35,0
DA:39,1
DA:40,2
DA:41,5
DA:42,2
DA:43,2
DA:44,1
DA:46,0
DA:50,0
DA:51,0
DA:52,0
DA:53,0
DA:54,0
DA:55,0
DA:57,0
DA:61,0
DA:62,0
DA:63,0
DA:64,0
DA:67,0
LF:38
LH:14
end_of_record
